                                                                      Page 1
                                                              C:\Users\dltest.230\AppData\Local\Temp\gh_0000uqk1.si
Command Line: C:\ghs\comp_202114\asarm.exe -annotate_call_return -elf -b0 -ID:/Desktop/Achita/S32K342_Bootloader/Bootloader/Bootloader_Can/output/generated/include -ID:/Desktop/Achita/S32K342_Bootloader/Bootloader/Bootloader_Can/source/boards -ID:/Desktop/Achita/S32K342_Bootloader/Bootloader/Bootloader_Can/source/stubs -ID:/Desktop/Achita/S32K342_Bootloader/Bootloader/Bootloader_Can/source/template -ID:/Desktop/Achita/S32K342_Bootloader/Bootloader/Bootloader_Can/source/boards/S32K344EVB_Q172_SCOS -ID:/Desktop/Achita/S32K342_Bootloader/Bootloader/Bootloader_Can/source/config -ID:/Desktop/Achita/S32K342_Bootloader/Bootloader/Bootloader_Can/output/generated/templates -IC:/EB/tresos/plugins/Atomics_TS_TxDxM1I0R0/include -IC:/EB/tresos/plugins/BM_TS_TxDxM1I15R0/include -IC:/EB/tresos/plugins/Base_TS_TxDxM5I2R0/include -IC:/EB/tresos/plugins/BlPduR_TS_TxDxM0I27R0/include -IC:/EB/tresos/plugins/CanIf_TS_TxDxM6I10R0/include -IC:/EB/tresos/plugins/CanSM_TS_TxDxM3I7R0/include -IC:/EB/tresos/plugins/CanSM_TS_TxDxM3I7R0/src -IC:/EB/tresos/plugins/CanTp_TS_TxDxM6I8R0/include -IC:/EB/tresos/plugins/CanTp_TS_TxDxM6I8R0/src -IC:/ghs/comp_202114/ansi -IC:/EB/tresos/plugins/Compiler_TS_TxDxM1I0R0/include -IC:/EB/tresos/plugins/Compiler_TS_TxDxM1I0R0/include/CORTEXM/multi -IC:/EB/tresos/plugins/Det_TS_TxDxM6I5R0/include -IC:/EB/tresos/plugins/EcuC_TS_TxDxM5I0R0/src -IC:/EB/tresos/plugins/EcuC_TS_TxDxM5I0R0/include -IC:/EB/tresos/plugins/Flash_TS_T40D37M30I0R0/include -IC:/EB/tresos/plugins/McalExt_TS_T40DxM1I0R0/MCAL_Delivery/eclipse/plugins/Base_TS_T40D34M20I1R0/header -IC:/EB/tresos/plugins/McalExt_TS_T40DxM1I0R0/MCAL_Delivery/eclipse/plugins/Can_TS_T40D34M20I1R0/include -IC:/EB/tresos/plugins/McalExt_TS_T40DxM1I0R0/MCAL_Delivery/eclipse/plugins/Dio_TS_T40D34M20I1R0/include -IC:/EB/tresos/plugins/McalExt_TS_T40DxM1I0R0/MCAL_Delivery/eclipse/plugins/Fls_TS_T40D34M20I1R0/include -IC:/EB/tresos/plugins/McalExt_TS_T40DxM1I0R0/MCAL_Delivery/eclipse/plugins/Mcu_TS_T40D34M20I1R0/include -IC:/EB/tresos/plugins/McalExt_TS_T40DxM1I0R0/MCAL_Delivery/eclipse/plugins/Port_TS_T40D34M20I1R0/include -IC:/EB/tresos/plugins/McalExt_TS_T40DxM1I0R0/include -IC:/EB/tresos/plugins/Os_TS_T40D37M6I1R0/include -IC:/EB/tresos/plugins/PduR_TS_TxDxM5I3R0/include -IC:/EB/tresos/plugins/PduR_TS_TxDxM5I3R0/src -IC:/EB/tresos/plugins/Platforms_TS_T40DxM4I0R0/include -IC:/EB/tresos/plugins/Prog_TS_TxDxM2I51R0/include -IC:/EB/tresos/plugins/ProgOEMInd_TS_TxDxM1I12R0/include -IC:/EB/tresos/plugins/SA_TS_TxDxM1I20R0/include -IC:/EB/tresos/plugins/Uds_TS_TxDxM3I17R0/include -IC:\ghs\comp_202114\lib\thumb2 -cpu=cortexm7 -fpu=vfpv5_d16 -fpu=single -thumb_divide -source=D:/Desktop/Achita/S32K342_Bootloader/Bootloader/Bootloader_Can/output/obj/CORTEXM-contextload.s -o D:\Desktop\Achita\S32K342_Bootloader\Bootloader\Bootloader_Can\output\obj\gh_0000uqk1.o -list=D:/Desktop/Achita/S32K342_Bootloader/Bootloader/Bootloader_Can/output/obj/CORTEXM-contextload.lst C:\Users\dltest.230\AppData\Local\Temp\gh_0000uqk1.si 
Original File: C:\Users\dltest.230\AppData\Local\Temp\gh_0000uqk1.si
Source File: D:/Desktop/Achita/S32K342_Bootloader/Bootloader/Bootloader_Can/output/obj/CORTEXM-contextload.s
Directory: D:\Desktop\Achita\S32K342_Bootloader\Bootloader\Bootloader_Can\util
Host OS: Windows
EASE: Copyright (C) 1983-2021 Green Hills Software.  All Rights Reserved.
Release: Compiler v2021.1.4
Build Directory: [Directory] COMP-VAL-WIN1:C:/autoval2/v2021.1-2021-04-25/win64-comp
Revision: [VCInfo] http://toolsvc/branches/release-branch-2021-1-comp/src@696881 (built by auto-compiler)
Revision Date: Mon Apr 26 12:33:25 2021

Release Date: Mon Apr 26 08:01:05 2021

                       0 #line 1 "D:/Desktop/Achita/S32K342_Bootloader/Bootloader/Bootloader_Can/output/obj/CORTEXM-contextload.s"
                       1 .macro neg rDest rSrc
                       2  rsb rDest,rSrc,#0
                       3  .endm
                       4 
                       5 .macro OS_GET_KERNEL_PTR litBase destReg sReg
                       6  ldr destReg, litBase
                       7  ldr destReg, [destReg]
                       8  .endm
                       9 
                      10 .macro OS_GENLIT_ACTIVATE_SVC
                      11 
                      12 OS_SHCSR_Addr:
                      13  .word 0xE000ED24
                      14  .endm
                      15 
                      16 .macro OS_ACTIVATE_SVC reg1 reg2
                      17  ldr reg1, OS_SHCSR_Addr
                      18  ldr reg2, [reg1]
                      19  orr reg2, reg2, #0x00000080
                      20  str reg2, [reg1]
                      21  dsb
                      22  isb
                      23  .endm
                      24 
                      25 .macro OS_SETLEVEL level oldLevel
                      26  lsl level, level, #4
                      27  mrs oldLevel, basepri
                      28  lsr oldLevel, oldLevel, #4
                      29  msr basepri, level
                      30  .endm
                      31 
                      32 .macro OS_ENABLE_FPU addrR tmpR storeR
                      33  movw addrR, #(0xED88)
                      34  movt addrR, #(0xE000)
                      35  ldr storeR, [addrR]
                      36  orr tmpR, storeR, #0x00f00000
                      37  str tmpR, [addrR]
                      38  .endm
                      39 
                      40 .macro OS_DISABLE_FPU addrR tmpR storeR
                      41  movw addrR, #(0xED88)
                      42  movt addrR, #(0xE000)
                      43  ldr storeR, [addrR]
                      44  movw tmpR, #(0xffff)
                      45  movt tmpR, #(0xff0f)
                      46  and tmpR, storeR, tmpR
                      47  str tmpR, [addrR]
                      48  .endm
                      49 

                                                                      Page 2
                                                              C:\Users\dltest.230\AppData\Local\Temp\gh_0000uqk1.si
                      50 .macro OS_GET_MPU_CTRL_ADDR destR
                      51  movw destR, #(0xED94)
                      52  movt destR, #(0xE000)
                      53  .endm
                      54 
                      55 .macro OS_ENABLE_MPU reg1 reg2
                      56  .endm
                      57 
                      58 .macro OS_DISABLE_MPU_GET_STATE reg1 reg2 result
                      59  .endm
                      60 
                      61 .macro OS_MPU_SET_CTRL reg1 ctrl
                      62  .endm
                      63 
                      64 .macro DispatchInterrupt isrid entry exit level corevar
                      65  cpsid i
                      66  OS_DISABLE_MPU_GET_STATE r0, r1, r2
                      67  OS_DISABLE_FPU r0, r1, r3
                      68  push {r4-r11, lr}
                      69  push {r2, r3}
                      70  OS_GET_KERNEL_PTR corevar, r1, r0
                      71  ldrb r4, [r1, #(((((0 + 4) + 4) + 4) + 4) + 0)]
                      72  mov r0, #1
                      73  strb r0, [r1, #(((((0 + 4) + 4) + 4) + 4) + 0)]
                      74  mov r2, #level
                      75  OS_SETLEVEL r2, r0
                      76  push {r0}
                      77  cpsie i
                      78  mov r0, #isrid
                      79  bl entry
                      80  mov r0,r4
                      81  bl exit
                      82  .endm
                      83  .section ".os_text", "ax"
                      84  .thumb2
                      85  .global OS_CORTEXM_ContextLoad
                      86  .import OS_kernel_ptr
                      87  .align 4
                      88  OS_GENLIT_ACTIVATE_SVC
                      88 <MACRO BEGIN>
                      88 OS_SHCSR_Addr : 
                      88 .word 0xE000ED24 
00000000 e000ed24     88 <MACRO END>
                      89 
                      90 OS_kernelDataAddr:
00000004 00000000*    91  .word OS_kernel_ptr
                      92  .type OS_CORTEXM_ContextLoad, $function
                      93 OS_CORTEXM_ContextLoad:
00000008 f3bf8f2f     94  clrex
0000000c b671         95  cpsid f
0000000e 4685         96  mov sp, r0
00000010 bc07         97  pop { r0, r1, r2 }
                      98  OS_SETLEVEL r0, r2
                      98 <MACRO BEGIN>
                      98 lsl r0 , r0 , 4 
                      98 mrs r2 , basepri 
                      98 lsr r2 , r2 , 4 
                      98 msr basepri , r0 
00000012 ea4f1000     98 <MACRO END>
00000016 f3ef8211 
0000001a ea4f1212 

                                                                      Page 3
                                                              C:\Users\dltest.230\AppData\Local\Temp\gh_0000uqk1.si
0000001e f3808811 
                      99  OS_MPU_SET_CTRL r2, r1
                      99 <MACRO BEGIN>
                      99 <MACRO END>
00000022 e8bd4ff0    100  pop {r4-r11,lr}
00000026 f3ef8005    101  mrs r0, ipsr
0000002a 280b        102  cmp r0, #11
0000002c d109*       103  bne OS_SkipActivateSVC
                     104  OS_ACTIVATE_SVC r0, r1
                     104 <MACRO BEGIN>
                     104 ldr r0 , OS_SHCSR_Addr 
                     104 ldr r1 , [ r0 ] 
                     104 orr r1 , r1 , 0x00000080 
                     104 str r1 , [ r0 ] 
                     104 dsb 
                     104 isb 
0000002e f8df0fd0*   104 <MACRO END>
00000032 6801 
00000034 f0410180 
00000038 6001 
0000003a f3bf8f4f 
0000003e f3bf8f6f 
                     105 OS_SkipActivateSVC:
00000042 466b        106  mov r3, sp
00000044 f3838809    107  msr psp, r3
                     108  OS_GET_KERNEL_PTR OS_kernelDataAddr, r1, r3
                     108 <MACRO BEGIN>
                     108 ldr r1 , OS_kernelDataAddr 
                     108 ldr r1 , [ r1 ] 
00000048 f8df1fb8*   108 <MACRO END>
0000004c 6809 
0000004e f8d1d008    109  ldr sp, [r1, #((0 + 4) + 4)]
00000052 4770        110  bx lr
                     111  .size OS_CORTEXM_ContextLoad, . - OS_CORTEXM_ContextLoad
                     112 
